<?xml version="1.0" encoding="UTF-8"?>
<testng-results ignored="0" total="1" passed="1" failed="0" skipped="0">
  <reporter-output>
  </reporter-output>
  <suite started-at="2024-10-09T12:41:14 IST" name="Suite" finished-at="2024-10-09T12:41:23 IST" duration-ms="8461">
    <groups>
    </groups>
    <test started-at="2024-10-09T12:41:14 IST" name="Test" finished-at="2024-10-09T12:41:23 IST" duration-ms="8461">
      <class name="org.test.qa.Test1">
        <test-method is-config="true" signature="setUp()[pri:0, instance:org.test.qa.Test1@6d3a388c]" started-at="2024-10-09T12:41:14 IST" name="setUp" finished-at="2024-10-09T12:41:22 IST" duration-ms="8048" status="PASS">
          <reporter-output>
          </reporter-output>
        </test-method> <!-- setUp -->
        <test-method signature="TC001()[pri:0, instance:org.test.qa.Test1@6d3a388c]" started-at="2024-10-09T12:41:22 IST" name="TC001" finished-at="2024-10-09T12:41:22 IST" duration-ms="8" status="PASS">
          <reporter-output>
          </reporter-output>
        </test-method> <!-- TC001 -->
        <test-method is-config="true" signature="tearDown()[pri:0, instance:org.test.qa.Test1@6d3a388c]" started-at="2024-10-09T12:41:22 IST" name="tearDown" finished-at="2024-10-09T12:41:23 IST" duration-ms="324" status="PASS">
          <reporter-output>
          </reporter-output>
        </test-method> <!-- tearDown -->
      </class> <!-- org.test.qa.Test1 -->
    </test> <!-- Test -->
  </suite> <!-- Suite -->
</testng-results>
